%!Adobe-FontList 1.20
%Locale:0x409

%BeginFont
Handler:DirectoryHandler
FontType:Invalid
OutlineFileName:/Users/Tanpoplaskij/Desktop/oklasmetto/oklasmetto/materiali grafici/locandina_final Folder/Document fonts/AdobeFnt14.lst
FileLength:1078
FileModTime:611831520
%EndFont

%BeginFont
Handler:DirectoryHandler
FontType:Invalid
OutlineFileName:/Users/Tanpoplaskij/Desktop/oklasmetto/oklasmetto/materiali grafici/locandina_final Folder/Document fonts/AdobeFnt21.lst
FileLength:2130
FileModTime:611849071
%EndFont

%BeginFont
Handler:DirectoryHandler
FontType:TrueType
FontName:Jost-Bold
FamilyName:Jost
StyleName:Bold
MenuName:Jost
StyleBits:2
WeightClass:700
WidthClass:5
AngleClass:0
FullName:Jost Bold
WritingScript:Roman
OutlineFileName:/Users/Tanpoplaskij/Desktop/oklasmetto/oklasmetto/materiali grafici/locandina_final Folder/Document fonts/Jost-Bold.ttf
DataFormat:sfntData
hasSVG:no
VariableFontType:NonVariableFont
FileLength:69748
FileModTime:611831520
NameArray:0,Win,1,Jost
%EndFont

%BeginFont
Handler:DirectoryHandler
FontType:TrueType
FontName:Jost-SemiBold
FamilyName:Jost
StyleName:SemiBold
MenuName:Jost SemiBold
StyleBits:0
WeightClass:600
WidthClass:5
AngleClass:0
FullName:Jost SemiBold
WritingScript:Roman
OutlineFileName:/Users/Tanpoplaskij/Desktop/oklasmetto/oklasmetto/materiali grafici/locandina_final Folder/Document fonts/Jost-SemiBold.ttf
DataFormat:sfntData
hasSVG:no
VariableFontType:NonVariableFont
FileLength:69780
FileModTime:611831520
NameArray:0,Win,1,Jost SemiBold
NameArray:0,Win,16,Jost
%EndFont

%BeginFont
Handler:DirectoryHandler
FontType:Type1
FontName:MinionPro-Regular
FamilyName:Minion Pro
StyleName:Regular
MenuName:Minion Pro
StyleBits:0
WeightClass:400
WidthClass:5
AngleClass:0
FullName:Minion Pro
WritingScript:Roman
OutlineFileName:/Users/Tanpoplaskij/Desktop/oklasmetto/oklasmetto/materiali grafici/locandina_final Folder/Document fonts/MinionPro-Regular.otf
DataFormat:sfntData
UsesStandardEncoding:yes
isCFF:yes
hasSVG:no
VariableFontType:NonVariableFont
FileLength:217280
FileModTime:611831520
DesignSize:110
NameArray:0,Mac,4,Minion Pro
NameArray:0,Win,1,Minion Pro
%EndFont

