%!Adobe-FontList 1.14
%Locale:0x410

%BeginFont
Handler:DirectoryHandler
FontType:TrueType
FontName:Jost-Bold
FamilyName:Jost
StyleName:Bold
FullName:Jost Bold
MenuName:Jost
StyleBits:2
WritingScript:Roman
OutlineFileName:C:\Users\Hp\Desktop\repository\oklasmetto\materiali grafici\locandina_final Folder\Document fonts\Jost-Bold.ttf
DataFormat:sfntData
FileLength:69748
FileModTime:1590142293
WeightClass:700
WidthClass:5
AngleClass:0
%EndFont

%BeginFont
Handler:DirectoryHandler
FontType:TrueType
FontName:Jost-SemiBold
FamilyName:Jost
StyleName:SemiBold
FullName:Jost SemiBold
MenuName:Jost SemiBold
StyleBits:0
WritingScript:Roman
OutlineFileName:C:\Users\Hp\Desktop\repository\oklasmetto\materiali grafici\locandina_final Folder\Document fonts\Jost-SemiBold.ttf
DataFormat:sfntData
FileLength:69780
FileModTime:1590142293
WeightClass:600
WidthClass:5
AngleClass:0
%EndFont

%BeginFont
Handler:DirectoryHandler
FontType:Type1
FontName:MinionPro-Regular
FamilyName:Minion Pro
StyleName:Regular
FullName:Minion Pro
MenuName:Minion Pro
StyleBits:0
WritingScript:Roman
OutlineFileName:C:\Users\Hp\Desktop\repository\oklasmetto\materiali grafici\locandina_final Folder\Document fonts\MinionPro-Regular.otf
DataFormat:sfntData
UsesStandardEncoding:yes
isCFF:yes
FileLength:217280
FileModTime:1590142293
WeightClass:400
WidthClass:5
AngleClass:0
DesignSize:110
%EndFont

